Flow report for Eddy_c
Thu Jun 25 20:35:20 2026
Quartus II 64-Bit Version 13.1.0 Build 162 10/23/2013 SJ Web Edition


---------------------
; Table of Contents ;
---------------------
  1. Legal Notice
  2. Flow Summary
  3. Flow Settings
  4. Flow Non-Default Global Settings
  5. Flow Elapsed Time
  6. Flow OS Summary
  7. Flow Log
  8. Flow Messages
  9. Flow Suppressed Messages



----------------
; Legal Notice ;
----------------
Copyright (C) 1991-2013 Altera Corporation
Your use of Altera Corporation's design tools, logic functions 
and other software and tools, and its AMPP partner logic 
functions, and any output files from any of the foregoing 
(including device programming or simulation files), and any 
associated documentation or information are expressly subject 
to the terms and conditions of the Altera Program License 
Subscription Agreement, Altera MegaCore Function License 
Agreement, or other applicable license agreement, including, 
without limitation, that your use is for the sole purpose of 
programming logic devices manufactured by Altera and sold by 
Altera or its authorized distributors.  Please refer to the 
applicable agreement for further details.



+---------------------------------------------------------------------------------+
; Flow Summary                                                                    ;
+------------------------------------+--------------------------------------------+
; Flow Status                        ; Successful - Thu Jun 25 20:35:20 2026      ;
; Quartus II 64-Bit Version          ; 13.1.0 Build 162 10/23/2013 SJ Web Edition ;
; Revision Name                      ; Eddy_c                                     ;
; Top-level Entity Name              ; Eddy_c                                     ;
; Family                             ; Cyclone IV E                               ;
; Device                             ; EP4CE115F23C8                              ;
; Timing Models                      ; Final                                      ;
; Total logic elements               ; 2,348 / 114,480 ( 2 % )                    ;
;     Total combinational functions  ; 1,733 / 114,480 ( 2 % )                    ;
;     Dedicated logic registers      ; 1,406 / 114,480 ( 1 % )                    ;
; Total registers                    ; 1422                                       ;
; Total pins                         ; 131 / 281 ( 47 % )                         ;
; Total virtual pins                 ; 0                                          ;
; Total memory bits                  ; 1,376,256 / 3,981,312 ( 35 % )             ;
; Embedded Multiplier 9-bit elements ; 0 / 532 ( 0 % )                            ;
; Total PLLs                         ; 1 / 4 ( 25 % )                             ;
+------------------------------------+--------------------------------------------+


+-----------------------------------------+
; Flow Settings                           ;
+-------------------+---------------------+
; Option            ; Setting             ;
+-------------------+---------------------+
; Start date & time ; 06/25/2026 20:34:51 ;
; Main task         ; Compilation         ;
; Revision Name     ; Eddy_c              ;
+-------------------+---------------------+


+---------------------------------------------------------------------------------------------------------------------------------------+
; Flow Non-Default Global Settings                                                                                                      ;
+-------------------------------------+--------------------------------------------------+---------------+-------------+----------------+
; Assignment Name                     ; Value                                            ; Default Value ; Entity Name ; Section Id     ;
+-------------------------------------+--------------------------------------------------+---------------+-------------+----------------+
; COMPILER_SIGNATURE_ID               ; 277751326915719.178239449034532                  ; --            ; --          ; --             ;
; CYCLONEII_OPTIMIZATION_TECHNIQUE    ; Speed                                            ; Balanced      ; --          ; --             ;
; EDA_GENERATE_FUNCTIONAL_NETLIST     ; On                                               ; --            ; --          ; eda_simulation ;
; EDA_OUTPUT_DATA_FORMAT              ; Verilog Hdl                                      ; --            ; --          ; eda_simulation ;
; EDA_SIMULATION_TOOL                 ; ModelSim (Verilog)                               ; <None>        ; --          ; --             ;
; EDA_TIME_SCALE                      ; 1 ps                                             ; --            ; --          ; eda_simulation ;
; ENABLE_ADVANCED_IO_TIMING           ; On                                               ; --            ; --          ; --             ;
; IP_TOOL_NAME                        ; ALTPLL                                           ; --            ; --          ; --             ;
; IP_TOOL_NAME                        ; FIFO                                             ; --            ; --          ; --             ;
; IP_TOOL_NAME                        ; RAM: 1-PORT                                      ; --            ; --          ; --             ;
; IP_TOOL_NAME                        ; LPM_MUX                                          ; --            ; --          ; --             ;
; IP_TOOL_NAME                        ; LPM_COUNTER                                      ; --            ; --          ; --             ;
; IP_TOOL_NAME                        ; LPM_FF                                           ; --            ; --          ; --             ;
; IP_TOOL_NAME                        ; LPM_COUNTER                                      ; --            ; --          ; --             ;
; IP_TOOL_NAME                        ; LPM_MUX                                          ; --            ; --          ; --             ;
; IP_TOOL_NAME                        ; LPM_SHIFTREG                                     ; --            ; --          ; --             ;
; IP_TOOL_NAME                        ; LPM_SHIFTREG                                     ; --            ; --          ; --             ;
; IP_TOOL_NAME                        ; LPM_MUX                                          ; --            ; --          ; --             ;
; IP_TOOL_NAME                        ; LPM_CONSTANT                                     ; --            ; --          ; --             ;
; IP_TOOL_NAME                        ; LPM_CONSTANT                                     ; --            ; --          ; --             ;
; IP_TOOL_NAME                        ; LPM_MUX                                          ; --            ; --          ; --             ;
; IP_TOOL_VERSION                     ; 11.0                                             ; --            ; --          ; --             ;
; IP_TOOL_VERSION                     ; 8.1                                              ; --            ; --          ; --             ;
; IP_TOOL_VERSION                     ; 11.0                                             ; --            ; --          ; --             ;
; IP_TOOL_VERSION                     ; 8.1                                              ; --            ; --          ; --             ;
; IP_TOOL_VERSION                     ; 11.0                                             ; --            ; --          ; --             ;
; IP_TOOL_VERSION                     ; 8.1                                              ; --            ; --          ; --             ;
; IP_TOOL_VERSION                     ; 8.1                                              ; --            ; --          ; --             ;
; IP_TOOL_VERSION                     ; 11.0                                             ; --            ; --          ; --             ;
; IP_TOOL_VERSION                     ; 11.0                                             ; --            ; --          ; --             ;
; IP_TOOL_VERSION                     ; 11.0                                             ; --            ; --          ; --             ;
; IP_TOOL_VERSION                     ; 11.0                                             ; --            ; --          ; --             ;
; IP_TOOL_VERSION                     ; 11.0                                             ; --            ; --          ; --             ;
; IP_TOOL_VERSION                     ; 11.0                                             ; --            ; --          ; --             ;
; IP_TOOL_VERSION                     ; 11.0                                             ; --            ; --          ; --             ;
; MAX_CORE_JUNCTION_TEMP              ; 85                                               ; --            ; --          ; --             ;
; MIN_CORE_JUNCTION_TEMP              ; 0                                                ; --            ; --          ; --             ;
; MISC_FILE                           ; E:/altera/81/quartus/Rail_Tester/Rail_Tester.dpf ; --            ; --          ; --             ;
; MISC_FILE                           ; pll_16_100.tdf                                   ; --            ; --          ; --             ;
; MISC_FILE                           ; pll_16_100.bsf                                   ; --            ; --          ; --             ;
; MISC_FILE                           ; pll_16_100.inc                                   ; --            ; --          ; --             ;
; MISC_FILE                           ; pll_16_100.ppf                                   ; --            ; --          ; --             ;
; MISC_FILE                           ; ADC_RAM.tdf                                      ; --            ; --          ; --             ;
; MISC_FILE                           ; ADC_RAM.bsf                                      ; --            ; --          ; --             ;
; MISC_FILE                           ; ADC_RAM.inc                                      ; --            ; --          ; --             ;
; MISC_FILE                           ; DAC_RAM.tdf                                      ; --            ; --          ; --             ;
; MISC_FILE                           ; DAC_RAM.bsf                                      ; --            ; --          ; --             ;
; MISC_FILE                           ; DAC_RAM.inc                                      ; --            ; --          ; --             ;
; MISC_FILE                           ; mux16_2.tdf                                      ; --            ; --          ; --             ;
; MISC_FILE                           ; mux16_2.bsf                                      ; --            ; --          ; --             ;
; MISC_FILE                           ; mux16_2.inc                                      ; --            ; --          ; --             ;
; MISC_FILE                           ; count_dac.tdf                                    ; --            ; --          ; --             ;
; MISC_FILE                           ; count_dac.bsf                                    ; --            ; --          ; --             ;
; MISC_FILE                           ; count_dac.inc                                    ; --            ; --          ; --             ;
; MISC_FILE                           ; hex_ff.tdf                                       ; --            ; --          ; --             ;
; MISC_FILE                           ; hex_ff.bsf                                       ; --            ; --          ; --             ;
; MISC_FILE                           ; hex_ff.inc                                       ; --            ; --          ; --             ;
; MISC_FILE                           ; t_count.tdf                                      ; --            ; --          ; --             ;
; MISC_FILE                           ; t_count.bsf                                      ; --            ; --          ; --             ;
; MISC_FILE                           ; t_count.inc                                      ; --            ; --          ; --             ;
; MISC_FILE                           ; C:/altera/11.0/quartus/Eddy_c/Rail_Tester.dpf    ; --            ; --          ; --             ;
; MISC_FILE                           ; C:/altera/11.0/quartus/Eddy_c/Eddy_c.dpf         ; --            ; --          ; --             ;
; MISC_FILE                           ; mux13_4.bsf                                      ; --            ; --          ; --             ;
; MISC_FILE                           ; mux13_4.cmp                                      ; --            ; --          ; --             ;
; MISC_FILE                           ; C:/altera/11.0/quartus/Eddy_c_arm/Eddy_c.dpf     ; --            ; --          ; --             ;
; MISC_FILE                           ; lpm_shiftreg16.bsf                               ; --            ; --          ; --             ;
; MISC_FILE                           ; lpm_shiftreg16.cmp                               ; --            ; --          ; --             ;
; MISC_FILE                           ; lpm_shiftreg_out.bsf                             ; --            ; --          ; --             ;
; MISC_FILE                           ; lpm_shiftreg_out.cmp                             ; --            ; --          ; --             ;
; MISC_FILE                           ; mux16_4.bsf                                      ; --            ; --          ; --             ;
; MISC_FILE                           ; mux16_4.cmp                                      ; --            ; --          ; --             ;
; MISC_FILE                           ; constAA55.bsf                                    ; --            ; --          ; --             ;
; MISC_FILE                           ; constAA55.cmp                                    ; --            ; --          ; --             ;
; MISC_FILE                           ; const_FFF.bsf                                    ; --            ; --          ; --             ;
; MISC_FILE                           ; const_FFF.cmp                                    ; --            ; --          ; --             ;
; MISC_FILE                           ; mux16_8.bsf                                      ; --            ; --          ; --             ;
; MISC_FILE                           ; mux16_8.cmp                                      ; --            ; --          ; --             ;
; OUTPUT_IO_TIMING_FAR_END_VMEAS      ; Half Signal Swing                                ; --            ; --          ; --             ;
; OUTPUT_IO_TIMING_FAR_END_VMEAS      ; Half Signal Swing                                ; --            ; --          ; --             ;
; OUTPUT_IO_TIMING_NEAR_END_VMEAS     ; Half Vccio                                       ; --            ; --          ; --             ;
; OUTPUT_IO_TIMING_NEAR_END_VMEAS     ; Half Vccio                                       ; --            ; --          ; --             ;
; PARTITION_COLOR                     ; 16764057                                         ; --            ; --          ; Top            ;
; PARTITION_FITTER_PRESERVATION_LEVEL ; PLACEMENT_AND_ROUTING                            ; --            ; --          ; Top            ;
; PARTITION_NETLIST_TYPE              ; SOURCE                                           ; --            ; --          ; Top            ;
; POWER_BOARD_THERMAL_MODEL           ; None (CONSERVATIVE)                              ; --            ; --          ; --             ;
; POWER_PRESET_COOLING_SOLUTION       ; 23 MM HEAT SINK WITH 200 LFPM AIRFLOW            ; --            ; --          ; --             ;
; SEARCH_PATH                         ; c:\altera\11.0\quartus\user_library              ; --            ; --          ; --             ;
; SEARCH_PATH                         ; e:\altera\81\quartus\user_library/               ; --            ; --          ; --             ;
; USE_GENERATED_PHYSICAL_CONSTRAINTS  ; Off                                              ; --            ; --          ; eda_blast_fpga ;
+-------------------------------------+--------------------------------------------------+---------------+-------------+----------------+


+-------------------------------------------------------------------------------------------------------------------------------+
; Flow Elapsed Time                                                                                                             ;
+---------------------------+--------------+-------------------------+---------------------+------------------------------------+
; Module Name               ; Elapsed Time ; Average Processors Used ; Peak Virtual Memory ; Total CPU Time (on all processors) ;
+---------------------------+--------------+-------------------------+---------------------+------------------------------------+
; Analysis & Synthesis      ; 00:00:03     ; 1.0                     ; 4715 MB             ; 00:00:03                           ;
; Fitter                    ; 00:00:15     ; 1.0                     ; 5196 MB             ; 00:00:15                           ;
; Assembler                 ; 00:00:03     ; 1.0                     ; 4621 MB             ; 00:00:03                           ;
; TimeQuest Timing Analyzer ; 00:00:03     ; 1.0                     ; 4741 MB             ; 00:00:03                           ;
; EDA Netlist Writer        ; 00:00:01     ; 1.0                     ; 4583 MB             ; 00:00:01                           ;
; Total                     ; 00:00:25     ; --                      ; --                  ; 00:00:25                           ;
+---------------------------+--------------+-------------------------+---------------------+------------------------------------+


+----------------------------------------------------------------------------------------+
; Flow OS Summary                                                                        ;
+---------------------------+------------------+-----------+------------+----------------+
; Module Name               ; Machine Hostname ; OS Name   ; OS Version ; Processor type ;
+---------------------------+------------------+-----------+------------+----------------+
; Analysis & Synthesis      ; Aleksey-PC       ; Windows 7 ; 6.2        ; x86_64         ;
; Fitter                    ; Aleksey-PC       ; Windows 7 ; 6.2        ; x86_64         ;
; Assembler                 ; Aleksey-PC       ; Windows 7 ; 6.2        ; x86_64         ;
; TimeQuest Timing Analyzer ; Aleksey-PC       ; Windows 7 ; 6.2        ; x86_64         ;
; EDA Netlist Writer        ; Aleksey-PC       ; Windows 7 ; 6.2        ; x86_64         ;
+---------------------------+------------------+-----------+------------+----------------+


------------
; Flow Log ;
------------
quartus_map --read_settings_files=on --write_settings_files=off Eddy_c -c Eddy_c
quartus_fit --read_settings_files=off --write_settings_files=off Eddy_c -c Eddy_c
quartus_asm --read_settings_files=off --write_settings_files=off Eddy_c -c Eddy_c
quartus_sta Eddy_c -c Eddy_c
quartus_eda --read_settings_files=off --write_settings_files=off Eddy_c -c Eddy_c



